mode: atomic
github.com/stellar/soroban-rpc-indexer/indexer/pkg/db/db.go:20.39,24.16 2 0
github.com/stellar/soroban-rpc-indexer/indexer/pkg/db/db.go:24.16,26.3 1 0
github.com/stellar/soroban-rpc-indexer/indexer/pkg/db/db.go:29.2,30.16 2 0
github.com/stellar/soroban-rpc-indexer/indexer/pkg/db/db.go:30.16,32.3 1 0
github.com/stellar/soroban-rpc-indexer/indexer/pkg/db/db.go:34.2,53.16 4 0
github.com/stellar/soroban-rpc-indexer/indexer/pkg/db/db.go:53.16,55.3 1 0
github.com/stellar/soroban-rpc-indexer/indexer/pkg/db/db.go:57.2,59.25 2 0
github.com/stellar/soroban-rpc-indexer/indexer/pkg/db/db.go:63.28,65.16 2 0
github.com/stellar/soroban-rpc-indexer/indexer/pkg/db/db.go:65.16,67.3 1 0
github.com/stellar/soroban-rpc-indexer/indexer/pkg/db/db.go:68.2,68.21 1 0
github.com/stellar/soroban-rpc-indexer/indexer/pkg/db/db.go:72.29,74.16 2 0
github.com/stellar/soroban-rpc-indexer/indexer/pkg/db/db.go:74.16,76.3 1 0
github.com/stellar/soroban-rpc-indexer/indexer/pkg/db/db.go:77.2,77.22 1 0
github.com/stellar/soroban-rpc-indexer/indexer/pkg/db/db.go:81.62,83.2 1 0
github.com/stellar/soroban-rpc-indexer/indexer/cmd/indexer/main.go:18.13,27.23 6 0
github.com/stellar/soroban-rpc-indexer/indexer/cmd/indexer/main.go:27.23,29.3 1 0
github.com/stellar/soroban-rpc-indexer/indexer/cmd/indexer/main.go:31.2,37.16 3 0
github.com/stellar/soroban-rpc-indexer/indexer/cmd/indexer/main.go:37.16,39.3 1 0
github.com/stellar/soroban-rpc-indexer/indexer/cmd/indexer/main.go:40.2,47.46 4 0
github.com/stellar/soroban-rpc-indexer/indexer/cmd/indexer/main.go:47.46,49.3 1 0
github.com/stellar/soroban-rpc-indexer/indexer/cmd/indexer/main.go:51.2,52.16 2 0
github.com/stellar/soroban-rpc-indexer/indexer/cmd/indexer/main.go:52.16,54.3 1 0
github.com/stellar/soroban-rpc-indexer/indexer/cmd/indexer/main.go:54.8,59.3 1 0
github.com/stellar/soroban-rpc-indexer/indexer/cmd/indexer/main.go:62.2,76.12 8 0
github.com/stellar/soroban-rpc-indexer/indexer/cmd/indexer/main.go:76.12,77.38 1 0
github.com/stellar/soroban-rpc-indexer/indexer/cmd/indexer/main.go:77.38,79.4 1 0
github.com/stellar/soroban-rpc-indexer/indexer/cmd/indexer/main.go:83.2,83.9 1 0
github.com/stellar/soroban-rpc-indexer/indexer/cmd/indexer/main.go:84.15,87.30 3 0
github.com/stellar/soroban-rpc-indexer/indexer/cmd/indexer/main.go:88.22,90.11 2 0
github.com/stellar/soroban-rpc-indexer/indexer/cmd/indexer/main.go:93.2,93.32 1 0
github.com/stellar/soroban-rpc-indexer/indexer/cmd/indexer/main.go:97.63,98.74 1 0
github.com/stellar/soroban-rpc-indexer/indexer/cmd/indexer/main.go:98.74,101.3 2 0
github.com/stellar/soroban-rpc-indexer/indexer/cmd/indexer/main.go:103.2,103.73 1 0
github.com/stellar/soroban-rpc-indexer/indexer/cmd/indexer/main.go:103.73,105.17 2 0
github.com/stellar/soroban-rpc-indexer/indexer/cmd/indexer/main.go:105.17,108.4 2 0
github.com/stellar/soroban-rpc-indexer/indexer/cmd/indexer/main.go:110.3,115.77 2 0
github.com/stellar/soroban-rpc-indexer/indexer/cmd/indexer/main.go:118.2,119.58 2 0
github.com/stellar/soroban-rpc-indexer/indexer/cmd/indexer/main.go:119.58,121.3 1 0
github.com/stellar/soroban-rpc-indexer/indexer/cmd/indexer/main.go:124.46,125.42 1 0
github.com/stellar/soroban-rpc-indexer/indexer/cmd/indexer/main.go:125.42,127.3 1 0
github.com/stellar/soroban-rpc-indexer/indexer/cmd/indexer/main.go:128.2,128.21 1 0
github.com/stellar/soroban-rpc-indexer/indexer/pkg/client/rpc.go:17.41,24.2 1 12
github.com/stellar/soroban-rpc-indexer/indexer/pkg/client/rpc.go:46.35,48.2 1 3
github.com/stellar/soroban-rpc-indexer/indexer/pkg/client/rpc.go:51.105,60.16 3 11
github.com/stellar/soroban-rpc-indexer/indexer/pkg/client/rpc.go:60.16,62.3 1 0
github.com/stellar/soroban-rpc-indexer/indexer/pkg/client/rpc.go:64.2,65.16 2 11
github.com/stellar/soroban-rpc-indexer/indexer/pkg/client/rpc.go:65.16,67.3 1 0
github.com/stellar/soroban-rpc-indexer/indexer/pkg/client/rpc.go:68.2,71.16 3 11
github.com/stellar/soroban-rpc-indexer/indexer/pkg/client/rpc.go:71.16,73.3 1 1
github.com/stellar/soroban-rpc-indexer/indexer/pkg/client/rpc.go:74.2,76.38 2 10
github.com/stellar/soroban-rpc-indexer/indexer/pkg/client/rpc.go:76.38,78.3 1 1
github.com/stellar/soroban-rpc-indexer/indexer/pkg/client/rpc.go:80.2,81.68 2 9
github.com/stellar/soroban-rpc-indexer/indexer/pkg/client/rpc.go:81.68,83.3 1 1
github.com/stellar/soroban-rpc-indexer/indexer/pkg/client/rpc.go:85.2,85.26 1 8
github.com/stellar/soroban-rpc-indexer/indexer/pkg/client/rpc.go:85.26,87.3 1 1
github.com/stellar/soroban-rpc-indexer/indexer/pkg/client/rpc.go:89.2,89.19 1 7
github.com/stellar/soroban-rpc-indexer/indexer/pkg/client/rpc.go:89.19,90.64 1 7
github.com/stellar/soroban-rpc-indexer/indexer/pkg/client/rpc.go:90.64,92.4 1 0
github.com/stellar/soroban-rpc-indexer/indexer/pkg/client/rpc.go:95.2,95.12 1 7
github.com/stellar/soroban-rpc-indexer/indexer/pkg/client/rpc.go:99.71,104.69 2 4
github.com/stellar/soroban-rpc-indexer/indexer/pkg/client/rpc.go:104.69,106.3 1 3
github.com/stellar/soroban-rpc-indexer/indexer/pkg/client/rpc.go:108.2,108.29 1 1
github.com/stellar/soroban-rpc-indexer/indexer/pkg/client/rpc.go:150.99,153.63 2 1
github.com/stellar/soroban-rpc-indexer/indexer/pkg/client/rpc.go:153.63,155.3 1 0
github.com/stellar/soroban-rpc-indexer/indexer/pkg/client/rpc.go:157.2,157.21 1 1
github.com/stellar/soroban-rpc-indexer/indexer/pkg/client/rpc.go:173.89,181.71 3 1
github.com/stellar/soroban-rpc-indexer/indexer/pkg/client/rpc.go:181.71,183.3 1 0
github.com/stellar/soroban-rpc-indexer/indexer/pkg/client/rpc.go:185.2,185.21 1 1
github.com/stellar/soroban-rpc-indexer/indexer/pkg/client/rpc.go:189.114,193.31 3 0
github.com/stellar/soroban-rpc-indexer/indexer/pkg/client/rpc.go:193.31,194.47 1 0
github.com/stellar/soroban-rpc-indexer/indexer/pkg/client/rpc.go:194.47,195.12 1 0
github.com/stellar/soroban-rpc-indexer/indexer/pkg/client/rpc.go:197.3,200.17 3 0
github.com/stellar/soroban-rpc-indexer/indexer/pkg/client/rpc.go:200.17,202.12 1 0
github.com/stellar/soroban-rpc-indexer/indexer/pkg/client/rpc.go:204.3,204.25 1 0
github.com/stellar/soroban-rpc-indexer/indexer/pkg/client/rpc.go:207.2,207.17 1 0
github.com/stellar/soroban-rpc-indexer/indexer/pkg/client/rpc.go:218.72,220.64 2 1
github.com/stellar/soroban-rpc-indexer/indexer/pkg/client/rpc.go:220.64,222.3 1 0
github.com/stellar/soroban-rpc-indexer/indexer/pkg/client/rpc.go:223.2,223.21 1 1
github.com/stellar/soroban-rpc-indexer/indexer/pkg/client/rpc.go:227.52,232.63 2 3
github.com/stellar/soroban-rpc-indexer/indexer/pkg/client/rpc.go:232.63,234.3 1 1
github.com/stellar/soroban-rpc-indexer/indexer/pkg/client/rpc.go:236.2,236.32 1 2
github.com/stellar/soroban-rpc-indexer/indexer/pkg/client/rpc.go:236.32,238.3 1 1
github.com/stellar/soroban-rpc-indexer/indexer/pkg/client/rpc.go:240.2,240.12 1 1
github.com/stellar/soroban-rpc-indexer/indexer/pkg/client/rpc.go:263.106,267.70 3 1
github.com/stellar/soroban-rpc-indexer/indexer/pkg/client/rpc.go:267.70,269.3 1 0
github.com/stellar/soroban-rpc-indexer/indexer/pkg/client/rpc.go:271.2,271.21 1 1
github.com/stellar/soroban-rpc-indexer/indexer/pkg/models/util/int128.go:14.47,16.2 1 0
github.com/stellar/soroban-rpc-indexer/indexer/pkg/models/util/int128.go:19.48,21.27 2 0
github.com/stellar/soroban-rpc-indexer/indexer/pkg/models/util/int128.go:22.14,23.23 1 0
github.com/stellar/soroban-rpc-indexer/indexer/pkg/models/util/int128.go:24.14,25.15 1 0
github.com/stellar/soroban-rpc-indexer/indexer/pkg/models/util/int128.go:26.10,27.62 1 0
github.com/stellar/soroban-rpc-indexer/indexer/pkg/models/util/int128.go:30.2,32.9 3 0
github.com/stellar/soroban-rpc-indexer/indexer/pkg/models/util/int128.go:32.9,34.3 1 0
github.com/stellar/soroban-rpc-indexer/indexer/pkg/models/util/int128.go:36.2,37.12 2 0
github.com/stellar/soroban-rpc-indexer/indexer/pkg/poller/poller.go:24.80,31.2 1 0
github.com/stellar/soroban-rpc-indexer/indexer/pkg/poller/poller.go:34.51,38.48 2 0
github.com/stellar/soroban-rpc-indexer/indexer/pkg/poller/poller.go:38.48,40.3 1 0
github.com/stellar/soroban-rpc-indexer/indexer/pkg/poller/poller.go:42.2,45.6 3 0
github.com/stellar/soroban-rpc-indexer/indexer/pkg/poller/poller.go:45.6,46.10 1 0
github.com/stellar/soroban-rpc-indexer/indexer/pkg/poller/poller.go:47.21,49.14 2 0
github.com/stellar/soroban-rpc-indexer/indexer/pkg/poller/poller.go:51.19,52.38 1 0
github.com/stellar/soroban-rpc-indexer/indexer/pkg/poller/poller.go:52.38,54.5 1 0
github.com/stellar/soroban-rpc-indexer/indexer/pkg/poller/poller.go:60.50,65.16 3 0
github.com/stellar/soroban-rpc-indexer/indexer/pkg/poller/poller.go:65.16,67.3 1 0
github.com/stellar/soroban-rpc-indexer/indexer/pkg/poller/poller.go:70.2,71.16 2 0
github.com/stellar/soroban-rpc-indexer/indexer/pkg/poller/poller.go:71.16,73.3 1 0
github.com/stellar/soroban-rpc-indexer/indexer/pkg/poller/poller.go:76.2,76.28 1 0
github.com/stellar/soroban-rpc-indexer/indexer/pkg/poller/poller.go:76.28,78.3 1 0
github.com/stellar/soroban-rpc-indexer/indexer/pkg/poller/poller.go:81.2,82.22 2 0
github.com/stellar/soroban-rpc-indexer/indexer/pkg/poller/poller.go:82.22,85.3 1 0
github.com/stellar/soroban-rpc-indexer/indexer/pkg/poller/poller.go:87.2,95.16 3 0
github.com/stellar/soroban-rpc-indexer/indexer/pkg/poller/poller.go:95.16,97.3 1 0
github.com/stellar/soroban-rpc-indexer/indexer/pkg/poller/poller.go:99.2,99.27 1 0
github.com/stellar/soroban-rpc-indexer/indexer/pkg/poller/poller.go:99.27,101.65 1 0
github.com/stellar/soroban-rpc-indexer/indexer/pkg/poller/poller.go:101.65,103.4 1 0
github.com/stellar/soroban-rpc-indexer/indexer/pkg/poller/poller.go:104.3,104.13 1 0
github.com/stellar/soroban-rpc-indexer/indexer/pkg/poller/poller.go:107.2,115.50 2 0
github.com/stellar/soroban-rpc-indexer/indexer/pkg/poller/poller.go:115.50,122.37 5 0
github.com/stellar/soroban-rpc-indexer/indexer/pkg/poller/poller.go:122.37,124.18 2 0
github.com/stellar/soroban-rpc-indexer/indexer/pkg/poller/poller.go:124.18,126.13 2 0
github.com/stellar/soroban-rpc-indexer/indexer/pkg/poller/poller.go:129.4,129.58 1 0
github.com/stellar/soroban-rpc-indexer/indexer/pkg/poller/poller.go:129.58,131.5 1 0
github.com/stellar/soroban-rpc-indexer/indexer/pkg/poller/poller.go:133.4,136.30 2 0
github.com/stellar/soroban-rpc-indexer/indexer/pkg/poller/poller.go:136.30,138.5 1 0
github.com/stellar/soroban-rpc-indexer/indexer/pkg/poller/poller.go:141.4,155.22 6 0
github.com/stellar/soroban-rpc-indexer/indexer/pkg/poller/poller.go:155.22,156.68 1 0
github.com/stellar/soroban-rpc-indexer/indexer/pkg/poller/poller.go:156.68,158.6 1 0
github.com/stellar/soroban-rpc-indexer/indexer/pkg/poller/poller.go:158.11,160.6 1 0
github.com/stellar/soroban-rpc-indexer/indexer/pkg/poller/poller.go:164.4,164.26 1 0
github.com/stellar/soroban-rpc-indexer/indexer/pkg/poller/poller.go:164.26,166.5 1 0
github.com/stellar/soroban-rpc-indexer/indexer/pkg/poller/poller.go:170.3,171.32 2 0
github.com/stellar/soroban-rpc-indexer/indexer/pkg/poller/poller.go:171.32,173.18 2 0
github.com/stellar/soroban-rpc-indexer/indexer/pkg/poller/poller.go:173.18,175.13 2 0
github.com/stellar/soroban-rpc-indexer/indexer/pkg/poller/poller.go:178.4,179.18 2 0
github.com/stellar/soroban-rpc-indexer/indexer/pkg/poller/poller.go:179.18,181.13 2 0
github.com/stellar/soroban-rpc-indexer/indexer/pkg/poller/poller.go:184.4,184.61 1 0
github.com/stellar/soroban-rpc-indexer/indexer/pkg/poller/poller.go:184.61,186.5 1 0
github.com/stellar/soroban-rpc-indexer/indexer/pkg/poller/poller.go:188.4,188.13 1 0
github.com/stellar/soroban-rpc-indexer/indexer/pkg/poller/poller.go:193.3,193.69 1 0
github.com/stellar/soroban-rpc-indexer/indexer/pkg/poller/poller.go:193.69,196.4 1 0
github.com/stellar/soroban-rpc-indexer/indexer/pkg/poller/poller.go:199.3,199.63 1 0
github.com/stellar/soroban-rpc-indexer/indexer/pkg/poller/poller.go:199.63,201.4 1 0
github.com/stellar/soroban-rpc-indexer/indexer/pkg/poller/poller.go:203.3,212.13 2 0
github.com/stellar/soroban-rpc-indexer/indexer/pkg/poller/poller.go:218.107,219.27 1 0
github.com/stellar/soroban-rpc-indexer/indexer/pkg/poller/poller.go:219.27,221.3 1 0
github.com/stellar/soroban-rpc-indexer/indexer/pkg/poller/poller.go:223.2,227.38 3 0
github.com/stellar/soroban-rpc-indexer/indexer/pkg/poller/poller.go:227.38,230.88 2 0
github.com/stellar/soroban-rpc-indexer/indexer/pkg/poller/poller.go:230.88,232.12 2 0
github.com/stellar/soroban-rpc-indexer/indexer/pkg/poller/poller.go:235.3,235.33 1 0
github.com/stellar/soroban-rpc-indexer/indexer/pkg/poller/poller.go:235.33,237.96 1 0
github.com/stellar/soroban-rpc-indexer/indexer/pkg/poller/poller.go:237.96,238.68 1 0
github.com/stellar/soroban-rpc-indexer/indexer/pkg/poller/poller.go:238.68,240.6 1 0
github.com/stellar/soroban-rpc-indexer/indexer/pkg/poller/poller.go:240.11,242.6 1 0
github.com/stellar/soroban-rpc-indexer/indexer/pkg/poller/poller.go:246.4,246.93 1 0
github.com/stellar/soroban-rpc-indexer/indexer/pkg/poller/poller.go:246.93,247.66 1 0
github.com/stellar/soroban-rpc-indexer/indexer/pkg/poller/poller.go:247.66,249.6 1 0
github.com/stellar/soroban-rpc-indexer/indexer/pkg/poller/poller.go:249.11,251.6 1 0
github.com/stellar/soroban-rpc-indexer/indexer/pkg/poller/poller.go:256.2,256.43 1 0
github.com/stellar/soroban-rpc-indexer/indexer/pkg/poller/poller.go:256.43,261.3 1 0
github.com/stellar/soroban-rpc-indexer/indexer/pkg/poller/poller.go:263.2,263.12 1 0
github.com/stellar/soroban-rpc-indexer/indexer/pkg/poller/poller.go:267.61,269.16 2 0
github.com/stellar/soroban-rpc-indexer/indexer/pkg/poller/poller.go:269.16,271.3 1 0
github.com/stellar/soroban-rpc-indexer/indexer/pkg/poller/poller.go:273.2,274.77 2 0
github.com/stellar/soroban-rpc-indexer/indexer/pkg/poller/poller.go:274.77,276.3 1 0
github.com/stellar/soroban-rpc-indexer/indexer/pkg/poller/poller.go:278.2,279.80 2 0
github.com/stellar/soroban-rpc-indexer/indexer/pkg/poller/poller.go:279.80,281.3 1 0
github.com/stellar/soroban-rpc-indexer/indexer/pkg/poller/poller.go:283.2,284.88 2 0
github.com/stellar/soroban-rpc-indexer/indexer/pkg/poller/poller.go:284.88,286.3 1 0
github.com/stellar/soroban-rpc-indexer/indexer/pkg/poller/poller.go:288.2,289.96 2 0
github.com/stellar/soroban-rpc-indexer/indexer/pkg/poller/poller.go:289.96,291.3 1 0
github.com/stellar/soroban-rpc-indexer/indexer/pkg/poller/poller.go:293.2,299.8 1 0
github.com/stellar/soroban-rpc-indexer/indexer/pkg/models/account_entry.go:27.40,29.2 1 8
github.com/stellar/soroban-rpc-indexer/indexer/pkg/models/account_entry.go:31.65,40.2 1 1
github.com/stellar/soroban-rpc-indexer/indexer/pkg/models/claimable_balance_entry.go:24.49,26.2 1 8
github.com/stellar/soroban-rpc-indexer/indexer/pkg/models/claimable_balance_entry.go:28.83,36.2 1 0
github.com/stellar/soroban-rpc-indexer/indexer/pkg/models/contract_data_entry.go:24.45,26.2 1 8
github.com/stellar/soroban-rpc-indexer/indexer/pkg/models/contract_data_entry.go:28.75,36.2 1 1
github.com/stellar/soroban-rpc-indexer/indexer/pkg/models/cursor.go:15.34,17.2 1 8
github.com/stellar/soroban-rpc-indexer/indexer/pkg/models/cursor.go:19.45,22.35 3 3
github.com/stellar/soroban-rpc-indexer/indexer/pkg/models/cursor.go:22.35,24.3 1 1
github.com/stellar/soroban-rpc-indexer/indexer/pkg/models/cursor.go:25.2,25.31 1 2
github.com/stellar/soroban-rpc-indexer/indexer/pkg/models/cursor.go:28.53,34.2 1 2
github.com/stellar/soroban-rpc-indexer/indexer/pkg/models/data_entry.go:21.37,23.2 1 8
github.com/stellar/soroban-rpc-indexer/indexer/pkg/models/data_entry.go:25.59,32.2 1 0
github.com/stellar/soroban-rpc-indexer/indexer/pkg/models/event.go:26.33,28.2 1 9
github.com/stellar/soroban-rpc-indexer/indexer/pkg/models/event.go:30.51,39.2 1 2
github.com/stellar/soroban-rpc-indexer/indexer/pkg/models/event.go:41.44,45.2 3 0
github.com/stellar/soroban-rpc-indexer/indexer/pkg/models/liquidity_pool_entry.go:30.46,32.2 1 8
github.com/stellar/soroban-rpc-indexer/indexer/pkg/models/liquidity_pool_entry.go:34.77,45.2 1 0
github.com/stellar/soroban-rpc-indexer/indexer/pkg/models/offer_entry.go:32.38,34.2 1 8
github.com/stellar/soroban-rpc-indexer/indexer/pkg/models/offer_entry.go:36.61,46.2 1 0
github.com/stellar/soroban-rpc-indexer/indexer/pkg/models/token_balance.go:18.40,20.2 1 8
github.com/stellar/soroban-rpc-indexer/indexer/pkg/models/token_balance.go:22.72,27.2 1 1
github.com/stellar/soroban-rpc-indexer/indexer/pkg/models/token_metadata.go:21.41,23.2 1 8
github.com/stellar/soroban-rpc-indexer/indexer/pkg/models/token_metadata.go:25.70,30.2 1 1
github.com/stellar/soroban-rpc-indexer/indexer/pkg/models/token_metadata.go:32.60,36.2 3 0
github.com/stellar/soroban-rpc-indexer/indexer/pkg/models/token_operation.go:28.42,30.2 1 8
github.com/stellar/soroban-rpc-indexer/indexer/pkg/models/token_operation.go:32.71,40.2 1 1
github.com/stellar/soroban-rpc-indexer/indexer/pkg/models/token_operation.go:42.62,46.2 3 0
github.com/stellar/soroban-rpc-indexer/indexer/pkg/models/transaction.go:24.39,26.2 1 8
github.com/stellar/soroban-rpc-indexer/indexer/pkg/models/transaction.go:28.60,36.2 1 1
github.com/stellar/soroban-rpc-indexer/indexer/pkg/models/transaction.go:38.56,42.2 3 0
github.com/stellar/soroban-rpc-indexer/indexer/pkg/models/trust_line_entry.go:26.42,28.2 1 8
github.com/stellar/soroban-rpc-indexer/indexer/pkg/models/trust_line_entry.go:30.69,43.2 1 0
github.com/stellar/soroban-rpc-indexer/indexer/pkg/models/util/int128.go:14.47,16.2 1 10
github.com/stellar/soroban-rpc-indexer/indexer/pkg/models/util/int128.go:19.48,21.27 2 2
github.com/stellar/soroban-rpc-indexer/indexer/pkg/models/util/int128.go:22.14,23.23 1 0
github.com/stellar/soroban-rpc-indexer/indexer/pkg/models/util/int128.go:24.14,25.15 1 2
github.com/stellar/soroban-rpc-indexer/indexer/pkg/models/util/int128.go:26.10,27.62 1 0
github.com/stellar/soroban-rpc-indexer/indexer/pkg/models/util/int128.go:30.2,32.9 3 2
github.com/stellar/soroban-rpc-indexer/indexer/pkg/models/util/int128.go:32.9,34.3 1 0
github.com/stellar/soroban-rpc-indexer/indexer/pkg/models/util/int128.go:36.2,37.12 2 2
github.com/stellar/soroban-rpc-indexer/indexer/pkg/models/util/int128.go:14.47,16.2 1 0
github.com/stellar/soroban-rpc-indexer/indexer/pkg/models/util/int128.go:19.48,21.27 2 0
github.com/stellar/soroban-rpc-indexer/indexer/pkg/models/util/int128.go:22.14,23.23 1 0
github.com/stellar/soroban-rpc-indexer/indexer/pkg/models/util/int128.go:24.14,25.15 1 0
github.com/stellar/soroban-rpc-indexer/indexer/pkg/models/util/int128.go:26.10,27.62 1 0
github.com/stellar/soroban-rpc-indexer/indexer/pkg/models/util/int128.go:30.2,32.9 3 0
github.com/stellar/soroban-rpc-indexer/indexer/pkg/models/util/int128.go:32.9,34.3 1 0
github.com/stellar/soroban-rpc-indexer/indexer/pkg/models/util/int128.go:36.2,37.12 2 0
github.com/stellar/soroban-rpc-indexer/indexer/pkg/parser/ledger_entries.go:15.64,17.67 2 0
github.com/stellar/soroban-rpc-indexer/indexer/pkg/parser/ledger_entries.go:17.67,19.3 1 0
github.com/stellar/soroban-rpc-indexer/indexer/pkg/parser/ledger_entries.go:21.2,25.16 3 0
github.com/stellar/soroban-rpc-indexer/indexer/pkg/parser/ledger_entries.go:25.16,27.3 1 0
github.com/stellar/soroban-rpc-indexer/indexer/pkg/parser/ledger_entries.go:29.2,30.16 2 0
github.com/stellar/soroban-rpc-indexer/indexer/pkg/parser/ledger_entries.go:30.16,32.3 1 0
github.com/stellar/soroban-rpc-indexer/indexer/pkg/parser/ledger_entries.go:33.2,37.29 3 0
github.com/stellar/soroban-rpc-indexer/indexer/pkg/parser/ledger_entries.go:37.29,39.19 2 0
github.com/stellar/soroban-rpc-indexer/indexer/pkg/parser/ledger_entries.go:39.19,41.4 1 0
github.com/stellar/soroban-rpc-indexer/indexer/pkg/parser/ledger_entries.go:44.2,44.24 1 0
github.com/stellar/soroban-rpc-indexer/indexer/pkg/parser/ledger_entries.go:44.24,46.19 2 0
github.com/stellar/soroban-rpc-indexer/indexer/pkg/parser/ledger_entries.go:46.19,48.4 1 0
github.com/stellar/soroban-rpc-indexer/indexer/pkg/parser/ledger_entries.go:51.2,51.26 1 0
github.com/stellar/soroban-rpc-indexer/indexer/pkg/parser/ledger_entries.go:51.26,53.19 2 0
github.com/stellar/soroban-rpc-indexer/indexer/pkg/parser/ledger_entries.go:53.19,55.4 1 0
github.com/stellar/soroban-rpc-indexer/indexer/pkg/parser/ledger_entries.go:58.2,58.22 1 0
github.com/stellar/soroban-rpc-indexer/indexer/pkg/parser/ledger_entries.go:58.22,60.19 2 0
github.com/stellar/soroban-rpc-indexer/indexer/pkg/parser/ledger_entries.go:60.19,62.4 1 0
github.com/stellar/soroban-rpc-indexer/indexer/pkg/parser/ledger_entries.go:65.2,65.21 1 0
github.com/stellar/soroban-rpc-indexer/indexer/pkg/parser/ledger_entries.go:65.21,67.19 2 0
github.com/stellar/soroban-rpc-indexer/indexer/pkg/parser/ledger_entries.go:67.19,69.4 1 0
github.com/stellar/soroban-rpc-indexer/indexer/pkg/parser/ledger_entries.go:72.2,72.33 1 0
github.com/stellar/soroban-rpc-indexer/indexer/pkg/parser/ledger_entries.go:72.33,74.19 2 0
github.com/stellar/soroban-rpc-indexer/indexer/pkg/parser/ledger_entries.go:74.19,76.4 1 0
github.com/stellar/soroban-rpc-indexer/indexer/pkg/parser/ledger_entries.go:79.2,79.30 1 0
github.com/stellar/soroban-rpc-indexer/indexer/pkg/parser/ledger_entries.go:79.30,81.19 2 0
github.com/stellar/soroban-rpc-indexer/indexer/pkg/parser/ledger_entries.go:81.19,83.4 1 0
github.com/stellar/soroban-rpc-indexer/indexer/pkg/parser/ledger_entries.go:86.2,86.21 1 0
github.com/stellar/soroban-rpc-indexer/indexer/pkg/parser/ledger_entries.go:90.94,94.45 3 0
github.com/stellar/soroban-rpc-indexer/indexer/pkg/parser/ledger_entries.go:94.45,96.3 1 0
github.com/stellar/soroban-rpc-indexer/indexer/pkg/parser/ledger_entries.go:96.8,98.3 1 0
github.com/stellar/soroban-rpc-indexer/indexer/pkg/parser/ledger_entries.go:100.2,108.68 6 0
github.com/stellar/soroban-rpc-indexer/indexer/pkg/parser/ledger_entries.go:108.68,110.3 1 0
github.com/stellar/soroban-rpc-indexer/indexer/pkg/parser/ledger_entries.go:112.2,120.3 1 0
github.com/stellar/soroban-rpc-indexer/indexer/pkg/parser/ledger_entries.go:124.68,129.30 4 0
github.com/stellar/soroban-rpc-indexer/indexer/pkg/parser/ledger_entries.go:129.30,131.37 2 0
github.com/stellar/soroban-rpc-indexer/indexer/pkg/parser/ledger_entries.go:131.37,136.4 1 0
github.com/stellar/soroban-rpc-indexer/indexer/pkg/parser/ledger_entries.go:137.3,137.41 1 0
github.com/stellar/soroban-rpc-indexer/indexer/pkg/parser/ledger_entries.go:140.2,155.3 2 0
github.com/stellar/soroban-rpc-indexer/indexer/pkg/parser/ledger_entries.go:159.72,163.44 3 0
github.com/stellar/soroban-rpc-indexer/indexer/pkg/parser/ledger_entries.go:163.44,165.3 1 0
github.com/stellar/soroban-rpc-indexer/indexer/pkg/parser/ledger_entries.go:167.2,181.30 3 0
github.com/stellar/soroban-rpc-indexer/indexer/pkg/parser/ledger_entries.go:182.45,184.65 2 0
github.com/stellar/soroban-rpc-indexer/indexer/pkg/parser/ledger_entries.go:185.46,187.66 2 0
github.com/stellar/soroban-rpc-indexer/indexer/pkg/parser/ledger_entries.go:188.39,189.55 1 0
github.com/stellar/soroban-rpc-indexer/indexer/pkg/parser/ledger_entries.go:192.2,192.14 1 0
github.com/stellar/soroban-rpc-indexer/indexer/pkg/parser/ledger_entries.go:196.64,214.28 4 0
github.com/stellar/soroban-rpc-indexer/indexer/pkg/parser/ledger_entries.go:215.45,217.70 2 0
github.com/stellar/soroban-rpc-indexer/indexer/pkg/parser/ledger_entries.go:218.46,220.71 2 0
github.com/stellar/soroban-rpc-indexer/indexer/pkg/parser/ledger_entries.go:223.2,223.27 1 0
github.com/stellar/soroban-rpc-indexer/indexer/pkg/parser/ledger_entries.go:224.45,226.68 2 0
github.com/stellar/soroban-rpc-indexer/indexer/pkg/parser/ledger_entries.go:227.46,229.69 2 0
github.com/stellar/soroban-rpc-indexer/indexer/pkg/parser/ledger_entries.go:232.2,232.14 1 0
github.com/stellar/soroban-rpc-indexer/indexer/pkg/parser/ledger_entries.go:236.62,250.2 4 0
github.com/stellar/soroban-rpc-indexer/indexer/pkg/parser/ledger_entries.go:253.86,267.37 4 0
github.com/stellar/soroban-rpc-indexer/indexer/pkg/parser/ledger_entries.go:268.45,270.72 2 0
github.com/stellar/soroban-rpc-indexer/indexer/pkg/parser/ledger_entries.go:271.46,273.73 2 0
github.com/stellar/soroban-rpc-indexer/indexer/pkg/parser/ledger_entries.go:276.2,276.14 1 0
github.com/stellar/soroban-rpc-indexer/indexer/pkg/parser/ledger_entries.go:280.80,297.21 5 0
github.com/stellar/soroban-rpc-indexer/indexer/pkg/parser/ledger_entries.go:298.45,300.57 2 0
github.com/stellar/soroban-rpc-indexer/indexer/pkg/parser/ledger_entries.go:301.46,303.58 2 0
github.com/stellar/soroban-rpc-indexer/indexer/pkg/parser/ledger_entries.go:306.2,308.21 3 0
github.com/stellar/soroban-rpc-indexer/indexer/pkg/parser/ledger_entries.go:309.45,311.57 2 0
github.com/stellar/soroban-rpc-indexer/indexer/pkg/parser/ledger_entries.go:312.46,314.58 2 0
github.com/stellar/soroban-rpc-indexer/indexer/pkg/parser/ledger_entries.go:317.2,317.14 1 0
github.com/stellar/soroban-rpc-indexer/indexer/pkg/parser/ledger_entries.go:322.53,323.53 1 0
github.com/stellar/soroban-rpc-indexer/indexer/pkg/parser/ledger_entries.go:323.53,325.3 1 0
github.com/stellar/soroban-rpc-indexer/indexer/pkg/parser/ledger_entries.go:326.2,326.11 1 0
github.com/stellar/soroban-rpc-indexer/indexer/pkg/parser/ledger_entries.go:329.40,330.14 1 0
github.com/stellar/soroban-rpc-indexer/indexer/pkg/parser/ledger_entries.go:330.14,332.3 1 0
github.com/stellar/soroban-rpc-indexer/indexer/pkg/parser/ledger_entries.go:334.2,334.62 1 0
github.com/stellar/soroban-rpc-indexer/indexer/pkg/parser/parser.go:17.60,20.39 2 2
github.com/stellar/soroban-rpc-indexer/indexer/pkg/parser/parser.go:20.39,22.17 2 4
github.com/stellar/soroban-rpc-indexer/indexer/pkg/parser/parser.go:22.17,25.4 1 0
github.com/stellar/soroban-rpc-indexer/indexer/pkg/parser/parser.go:25.9,27.4 1 4
github.com/stellar/soroban-rpc-indexer/indexer/pkg/parser/parser.go:31.2,32.16 2 2
github.com/stellar/soroban-rpc-indexer/indexer/pkg/parser/parser.go:32.16,35.3 1 0
github.com/stellar/soroban-rpc-indexer/indexer/pkg/parser/parser.go:38.2,45.21 5 2
github.com/stellar/soroban-rpc-indexer/indexer/pkg/parser/parser.go:45.21,50.3 4 2
github.com/stellar/soroban-rpc-indexer/indexer/pkg/parser/parser.go:52.2,65.8 1 2
github.com/stellar/soroban-rpc-indexer/indexer/pkg/parser/parser.go:69.75,72.16 2 0
github.com/stellar/soroban-rpc-indexer/indexer/pkg/parser/parser.go:72.16,74.3 1 0
github.com/stellar/soroban-rpc-indexer/indexer/pkg/parser/parser.go:76.2,81.23 4 0
github.com/stellar/soroban-rpc-indexer/indexer/pkg/parser/parser.go:82.40,83.37 1 0
github.com/stellar/soroban-rpc-indexer/indexer/pkg/parser/parser.go:83.37,88.4 3 0
github.com/stellar/soroban-rpc-indexer/indexer/pkg/parser/parser.go:89.38,90.37 1 0
github.com/stellar/soroban-rpc-indexer/indexer/pkg/parser/parser.go:90.37,94.4 3 0
github.com/stellar/soroban-rpc-indexer/indexer/pkg/parser/parser.go:95.45,96.42 1 0
github.com/stellar/soroban-rpc-indexer/indexer/pkg/parser/parser.go:96.42,100.48 3 0
github.com/stellar/soroban-rpc-indexer/indexer/pkg/parser/parser.go:100.48,102.5 1 0
github.com/stellar/soroban-rpc-indexer/indexer/pkg/parser/parser.go:107.2,109.16 3 0
github.com/stellar/soroban-rpc-indexer/indexer/pkg/parser/parser.go:109.16,111.3 1 0
github.com/stellar/soroban-rpc-indexer/indexer/pkg/parser/parser.go:113.2,124.8 1 0
github.com/stellar/soroban-rpc-indexer/indexer/pkg/parser/parser.go:128.53,129.18 1 6
github.com/stellar/soroban-rpc-indexer/indexer/pkg/parser/parser.go:129.18,131.3 1 0
github.com/stellar/soroban-rpc-indexer/indexer/pkg/parser/parser.go:133.2,134.16 2 6
github.com/stellar/soroban-rpc-indexer/indexer/pkg/parser/parser.go:134.16,136.3 1 0
github.com/stellar/soroban-rpc-indexer/indexer/pkg/parser/parser.go:138.2,139.56 2 6
github.com/stellar/soroban-rpc-indexer/indexer/pkg/parser/parser.go:139.56,141.3 1 0
github.com/stellar/soroban-rpc-indexer/indexer/pkg/parser/parser.go:143.2,143.37 1 6
github.com/stellar/soroban-rpc-indexer/indexer/pkg/parser/parser.go:147.50,148.18 1 8
github.com/stellar/soroban-rpc-indexer/indexer/pkg/parser/parser.go:149.28,150.21 1 1
github.com/stellar/soroban-rpc-indexer/indexer/pkg/parser/parser.go:151.28,152.13 1 1
github.com/stellar/soroban-rpc-indexer/indexer/pkg/parser/parser.go:153.27,154.23 1 0
github.com/stellar/soroban-rpc-indexer/indexer/pkg/parser/parser.go:155.27,156.23 1 0
github.com/stellar/soroban-rpc-indexer/indexer/pkg/parser/parser.go:157.27,158.23 1 1
github.com/stellar/soroban-rpc-indexer/indexer/pkg/parser/parser.go:159.27,160.23 1 0
github.com/stellar/soroban-rpc-indexer/indexer/pkg/parser/parser.go:161.28,166.4 2 1
github.com/stellar/soroban-rpc-indexer/indexer/pkg/parser/parser.go:167.28,172.4 2 0
github.com/stellar/soroban-rpc-indexer/indexer/pkg/parser/parser.go:173.29,174.25 1 0
github.com/stellar/soroban-rpc-indexer/indexer/pkg/parser/parser.go:175.30,176.23 1 2
github.com/stellar/soroban-rpc-indexer/indexer/pkg/parser/parser.go:177.30,178.23 1 0
github.com/stellar/soroban-rpc-indexer/indexer/pkg/parser/parser.go:179.27,182.25 3 0
github.com/stellar/soroban-rpc-indexer/indexer/pkg/parser/parser.go:182.25,184.4 1 0
github.com/stellar/soroban-rpc-indexer/indexer/pkg/parser/parser.go:185.3,185.16 1 0
github.com/stellar/soroban-rpc-indexer/indexer/pkg/parser/parser.go:186.27,189.27 3 0
github.com/stellar/soroban-rpc-indexer/indexer/pkg/parser/parser.go:189.27,192.38 3 0
github.com/stellar/soroban-rpc-indexer/indexer/pkg/parser/parser.go:192.38,194.5 1 0
github.com/stellar/soroban-rpc-indexer/indexer/pkg/parser/parser.go:196.3,196.16 1 0
github.com/stellar/soroban-rpc-indexer/indexer/pkg/parser/parser.go:197.31,200.17 3 2
github.com/stellar/soroban-rpc-indexer/indexer/pkg/parser/parser.go:201.10,202.22 1 0
github.com/stellar/soroban-rpc-indexer/indexer/pkg/parser/parser.go:207.70,209.16 2 0
github.com/stellar/soroban-rpc-indexer/indexer/pkg/parser/parser.go:209.16,211.3 1 0
github.com/stellar/soroban-rpc-indexer/indexer/pkg/parser/parser.go:213.2,214.59 2 0
github.com/stellar/soroban-rpc-indexer/indexer/pkg/parser/parser.go:214.59,216.3 1 0
github.com/stellar/soroban-rpc-indexer/indexer/pkg/parser/parser.go:218.2,218.23 1 0
github.com/stellar/soroban-rpc-indexer/indexer/pkg/parser/parser.go:222.66,224.16 2 0
github.com/stellar/soroban-rpc-indexer/indexer/pkg/parser/parser.go:224.16,226.3 1 0
github.com/stellar/soroban-rpc-indexer/indexer/pkg/parser/parser.go:228.2,229.57 2 0
github.com/stellar/soroban-rpc-indexer/indexer/pkg/parser/parser.go:229.57,231.3 1 0
github.com/stellar/soroban-rpc-indexer/indexer/pkg/parser/parser.go:233.2,233.21 1 0
github.com/stellar/soroban-rpc-indexer/indexer/pkg/parser/token_operations.go:16.181,19.27 2 8
github.com/stellar/soroban-rpc-indexer/indexer/pkg/parser/token_operations.go:19.27,20.24 1 18
github.com/stellar/soroban-rpc-indexer/indexer/pkg/parser/token_operations.go:21.15,22.56 1 18
github.com/stellar/soroban-rpc-indexer/indexer/pkg/parser/token_operations.go:23.11,24.55 1 0
github.com/stellar/soroban-rpc-indexer/indexer/pkg/parser/token_operations.go:28.2,28.25 1 8
github.com/stellar/soroban-rpc-indexer/indexer/pkg/parser/token_operations.go:28.25,30.3 1 1
github.com/stellar/soroban-rpc-indexer/indexer/pkg/parser/token_operations.go:32.2,35.52 2 7
github.com/stellar/soroban-rpc-indexer/indexer/pkg/parser/token_operations.go:35.52,45.3 1 4
github.com/stellar/soroban-rpc-indexer/indexer/pkg/parser/token_operations.go:47.2,47.16 1 7
github.com/stellar/soroban-rpc-indexer/indexer/pkg/parser/token_operations.go:48.18,49.25 1 2
github.com/stellar/soroban-rpc-indexer/indexer/pkg/parser/token_operations.go:49.25,51.4 1 1
github.com/stellar/soroban-rpc-indexer/indexer/pkg/parser/token_operations.go:52.3,56.13 5 1
github.com/stellar/soroban-rpc-indexer/indexer/pkg/parser/token_operations.go:58.14,59.25 1 2
github.com/stellar/soroban-rpc-indexer/indexer/pkg/parser/token_operations.go:59.25,61.4 1 1
github.com/stellar/soroban-rpc-indexer/indexer/pkg/parser/token_operations.go:62.3,66.13 5 1
github.com/stellar/soroban-rpc-indexer/indexer/pkg/parser/token_operations.go:68.14,69.25 1 1
github.com/stellar/soroban-rpc-indexer/indexer/pkg/parser/token_operations.go:69.25,71.4 1 0
github.com/stellar/soroban-rpc-indexer/indexer/pkg/parser/token_operations.go:72.3,75.13 4 1
github.com/stellar/soroban-rpc-indexer/indexer/pkg/parser/token_operations.go:77.18,78.25 1 0
github.com/stellar/soroban-rpc-indexer/indexer/pkg/parser/token_operations.go:78.25,80.4 1 0
github.com/stellar/soroban-rpc-indexer/indexer/pkg/parser/token_operations.go:81.3,85.13 5 0
github.com/stellar/soroban-rpc-indexer/indexer/pkg/parser/token_operations.go:87.17,88.25 1 0
github.com/stellar/soroban-rpc-indexer/indexer/pkg/parser/token_operations.go:88.25,90.4 1 0
github.com/stellar/soroban-rpc-indexer/indexer/pkg/parser/token_operations.go:92.3,96.21 4 0
github.com/stellar/soroban-rpc-indexer/indexer/pkg/parser/token_operations.go:96.21,105.4 7 0
github.com/stellar/soroban-rpc-indexer/indexer/pkg/parser/token_operations.go:106.3,106.13 1 0
github.com/stellar/soroban-rpc-indexer/indexer/pkg/parser/token_operations.go:108.24,109.25 1 1
github.com/stellar/soroban-rpc-indexer/indexer/pkg/parser/token_operations.go:109.25,111.4 1 0
github.com/stellar/soroban-rpc-indexer/indexer/pkg/parser/token_operations.go:112.3,116.13 5 1
github.com/stellar/soroban-rpc-indexer/indexer/pkg/parser/token_operations.go:118.19,119.25 1 0
github.com/stellar/soroban-rpc-indexer/indexer/pkg/parser/token_operations.go:119.25,121.4 1 0
github.com/stellar/soroban-rpc-indexer/indexer/pkg/parser/token_operations.go:122.3,125.13 4 0
github.com/stellar/soroban-rpc-indexer/indexer/pkg/parser/token_operations.go:127.10,129.13 1 1
github.com/stellar/soroban-rpc-indexer/indexer/pkg/parser/token_operations.go:136.102,138.50 2 2
github.com/stellar/soroban-rpc-indexer/indexer/pkg/parser/token_operations.go:138.50,140.3 1 1
github.com/stellar/soroban-rpc-indexer/indexer/pkg/parser/token_operations.go:143.2,152.62 3 1
github.com/stellar/soroban-rpc-indexer/indexer/pkg/parser/token_operations.go:152.62,154.3 1 0
github.com/stellar/soroban-rpc-indexer/indexer/pkg/parser/token_operations.go:156.2,160.40 2 1
github.com/stellar/soroban-rpc-indexer/indexer/pkg/parser/token_operations.go:160.40,161.29 1 2
github.com/stellar/soroban-rpc-indexer/indexer/pkg/parser/token_operations.go:161.29,170.35 4 1
github.com/stellar/soroban-rpc-indexer/indexer/pkg/parser/token_operations.go:170.35,171.21 1 3
github.com/stellar/soroban-rpc-indexer/indexer/pkg/parser/token_operations.go:172.17,173.56 1 1
github.com/stellar/soroban-rpc-indexer/indexer/pkg/parser/token_operations.go:174.19,175.58 1 1
github.com/stellar/soroban-rpc-indexer/indexer/pkg/parser/token_operations.go:176.20,177.64 1 1
github.com/stellar/soroban-rpc-indexer/indexer/pkg/parser/token_operations.go:180.9,180.33 1 1
github.com/stellar/soroban-rpc-indexer/indexer/pkg/parser/token_operations.go:180.33,182.4 1 1
github.com/stellar/soroban-rpc-indexer/indexer/pkg/parser/token_operations.go:186.2,186.50 1 1
github.com/stellar/soroban-rpc-indexer/indexer/pkg/parser/token_operations.go:186.50,188.3 1 1
github.com/stellar/soroban-rpc-indexer/indexer/pkg/parser/token_operations.go:190.2,190.12 1 0
github.com/stellar/soroban-rpc-indexer/indexer/pkg/parser/token_operations.go:196.100,200.60 3 4
github.com/stellar/soroban-rpc-indexer/indexer/pkg/parser/token_operations.go:200.60,202.3 1 1
github.com/stellar/soroban-rpc-indexer/indexer/pkg/parser/token_operations.go:204.2,204.52 1 3
github.com/stellar/soroban-rpc-indexer/indexer/pkg/parser/token_operations.go:204.52,206.3 1 2
github.com/stellar/soroban-rpc-indexer/indexer/pkg/parser/token_operations.go:208.2,214.53 3 1
github.com/stellar/soroban-rpc-indexer/indexer/pkg/parser/token_operations.go:214.53,216.3 1 1
github.com/stellar/soroban-rpc-indexer/indexer/pkg/parser/token_operations.go:216.8,223.60 3 0
github.com/stellar/soroban-rpc-indexer/indexer/pkg/parser/token_operations.go:223.60,224.31 1 0
github.com/stellar/soroban-rpc-indexer/indexer/pkg/parser/token_operations.go:224.31,225.29 1 0
github.com/stellar/soroban-rpc-indexer/indexer/pkg/parser/token_operations.go:225.29,227.11 2 0
github.com/stellar/soroban-rpc-indexer/indexer/pkg/parser/token_operations.go:233.2,233.19 1 1
github.com/stellar/soroban-rpc-indexer/indexer/pkg/parser/token_operations.go:233.19,235.3 1 0
github.com/stellar/soroban-rpc-indexer/indexer/pkg/parser/token_operations.go:237.2,241.3 1 1
github.com/stellar/soroban-rpc-indexer/indexer/pkg/parser/token_operations.go:246.56,251.2 4 3
github.com/stellar/soroban-rpc-indexer/indexer/pkg/parser/token_operations.go:253.47,254.25 1 8
github.com/stellar/soroban-rpc-indexer/indexer/pkg/parser/token_operations.go:255.11,256.20 1 1
github.com/stellar/soroban-rpc-indexer/indexer/pkg/parser/token_operations.go:257.13,258.20 1 1
github.com/stellar/soroban-rpc-indexer/indexer/pkg/parser/token_operations.go:259.13,260.13 1 1
github.com/stellar/soroban-rpc-indexer/indexer/pkg/parser/token_operations.go:261.15,262.20 1 2
github.com/stellar/soroban-rpc-indexer/indexer/pkg/parser/token_operations.go:263.14,265.11 2 2
github.com/stellar/soroban-rpc-indexer/indexer/pkg/parser/token_operations.go:266.10,267.11 1 1
github.com/stellar/soroban-rpc-indexer/indexer/pkg/parser/token_operations.go:271.47,272.25 1 7
github.com/stellar/soroban-rpc-indexer/indexer/pkg/parser/token_operations.go:273.12,274.13 1 3
github.com/stellar/soroban-rpc-indexer/indexer/pkg/parser/token_operations.go:275.14,276.23 1 3
github.com/stellar/soroban-rpc-indexer/indexer/pkg/parser/token_operations.go:277.10,278.15 1 1
github.com/stellar/soroban-rpc-indexer/indexer/pkg/parser/token_operations.go:282.51,283.25 1 11
github.com/stellar/soroban-rpc-indexer/indexer/pkg/parser/token_operations.go:284.14,285.33 1 9
github.com/stellar/soroban-rpc-indexer/indexer/pkg/parser/token_operations.go:286.10,287.32 1 2
